TN:
SF:/home/naranja-d/www/test-darwoft/src/polyfills.ts
FNF:0
FNH:0
LF:0
LH:0
BRF:0
BRH:0
end_of_record
TN:
SF:/home/naranja-d/www/test-darwoft/src/test.ts
FNF:0
FNH:0
DA:13,1
DA:18,1
DA:20,1
LF:3
LH:3
BRF:0
BRH:0
end_of_record
TN:
SF:/home/naranja-d/www/test-darwoft/src/app/shared/components/card/card.component.ts
FN:9,(anonymous_0)
FN:4,CardComponent
FN:16,(anonymous_2)
FNF:3
FNH:2
FNDA:1,(anonymous_0)
FNDA:1,CardComponent
FNDA:0,(anonymous_2)
DA:9,1
DA:11,1
DA:12,1
DA:13,1
DA:14,1
DA:16,1
DA:17,0
DA:19,1
LF:8
LH:7
BRF:0
BRH:0
end_of_record
TN:
SF:/home/naranja-d/www/test-darwoft/src/app/shared/components/header/header.component.ts
FN:10,(anonymous_0)
FN:16,HeaderComponent
FN:20,(anonymous_2)
FNF:3
FNH:3
FNDA:1,(anonymous_0)
FNDA:3,HeaderComponent
FNDA:1,(anonymous_2)
DA:10,1
DA:12,1
DA:13,1
DA:14,3
DA:17,3
DA:20,1
DA:21,1
DA:23,1
LF:8
LH:8
BRF:0
BRH:0
end_of_record
TN:
SF:/home/naranja-d/www/test-darwoft/src/app/shared/components/isotope/isotope.component.ts
FN:8,(anonymous_0)
FN:3,IsotopeComponent
FN:12,(anonymous_2)
FNF:3
FNH:2
FNDA:1,(anonymous_0)
FNDA:1,IsotopeComponent
FNDA:0,(anonymous_2)
DA:8,1
DA:10,1
DA:12,1
DA:13,0
DA:14,0
DA:17,1
LF:6
LH:4
BRF:0
BRH:0
end_of_record
TN:
SF:/home/naranja-d/www/test-darwoft/src/app/shared/components/jumbotron/jumbotron.component.ts
FN:8,(anonymous_0)
FNF:1
FNH:1
FNDA:3,(anonymous_0)
DA:8,1
DA:10,1
DA:11,1
DA:13,1
LF:4
LH:4
BRF:0
BRH:0
end_of_record
TN:
SF:/home/naranja-d/www/test-darwoft/src/app/shared/components/pagination/pagination.component.ts
FN:8,(anonymous_0)
FN:3,PaginationComponent
FN:12,(anonymous_2)
FNF:3
FNH:2
FNDA:1,(anonymous_0)
FNDA:1,PaginationComponent
FNDA:0,(anonymous_2)
DA:8,1
DA:10,1
DA:12,1
DA:13,0
DA:14,0
DA:17,1
LF:6
LH:4
BRF:0
BRH:0
end_of_record
TN:
SF:/home/naranja-d/www/test-darwoft/src/app/shared/components/search/search.component.ts
FN:8,(anonymous_0)
FN:10,SearchComponent
FN:12,(anonymous_2)
FNF:3
FNH:1
FNDA:1,(anonymous_0)
FNDA:0,SearchComponent
FNDA:0,(anonymous_2)
DA:8,1
DA:12,1
DA:15,1
LF:3
LH:3
BRF:0
BRH:0
end_of_record
TN:
SF:/home/naranja-d/www/test-darwoft/src/app/shared/config/config.ts
FNF:0
FNH:0
DA:1,1
LF:1
LH:1
BRF:0
BRH:0
end_of_record
TN:
SF:/home/naranja-d/www/test-darwoft/src/app/shared/config/i18n.ts
FNF:0
FNH:0
DA:1,1
LF:1
LH:1
BRF:0
BRH:0
end_of_record
TN:
SF:/home/naranja-d/www/test-darwoft/src/app/shared/services/auth0.service.ts
FN:9,(anonymous_0)
FN:17,Auth0Service
FN:23,(anonymous_2)
FN:27,(anonymous_3)
FN:31,(anonymous_4)
FNF:5
FNH:2
FNDA:1,(anonymous_0)
FNDA:5,Auth0Service
FNDA:0,(anonymous_2)
FNDA:0,(anonymous_3)
FNDA:0,(anonymous_4)
DA:9,1
DA:15,5
DA:17,5
DA:18,5
DA:19,5
DA:20,5
DA:23,1
DA:24,0
DA:27,1
DA:28,0
DA:31,1
DA:32,0
DA:34,1
LF:13
LH:10
BRF:0
BRH:0
end_of_record
TN:
SF:/home/naranja-d/www/test-darwoft/src/app/shared/services/modal.service.ts
FN:6,(anonymous_0)
FN:3,ModalService
FN:10,(anonymous_2)
FN:15,(anonymous_3)
FN:17,(anonymous_4)
FN:20,(anonymous_5)
FN:22,(anonymous_6)
FN:26,(anonymous_7)
FN:28,(anonymous_8)
FNF:9
FNH:2
FNDA:1,(anonymous_0)
FNDA:3,ModalService
FNDA:0,(anonymous_2)
FNDA:0,(anonymous_3)
FNDA:0,(anonymous_4)
FNDA:0,(anonymous_5)
FNDA:0,(anonymous_6)
FNDA:0,(anonymous_7)
FNDA:0,(anonymous_8)
DA:6,1
DA:8,3
DA:10,1
DA:12,0
DA:15,1
DA:17,0
DA:20,1
DA:22,0
DA:23,0
DA:26,1
DA:28,0
DA:29,0
DA:31,1
LF:13
LH:7
BRF:0
BRH:0
end_of_record
TN:
SF:/home/naranja-d/www/test-darwoft/src/app/shared/services/movies.service.ts
FN:10,(anonymous_0)
FN:16,MoviesService
FN:23,(anonymous_2)
FN:29,(anonymous_3)
FN:34,(anonymous_4)
FNF:5
FNH:2
FNDA:1,(anonymous_0)
FNDA:13,MoviesService
FNDA:0,(anonymous_2)
FNDA:0,(anonymous_3)
FNDA:0,(anonymous_4)
DA:10,1
DA:12,13
DA:17,13
DA:19,13
DA:20,13
DA:23,1
DA:24,0
DA:25,0
DA:26,0
DA:29,1
DA:30,0
DA:31,0
DA:34,1
DA:35,0
DA:36,0
DA:37,0
DA:39,1
LF:17
LH:9
BRDA:23,0,0,0
BRDA:23,0,1,0
BRDA:24,1,0,0
BRDA:24,1,1,0
BRF:4
BRH:0
end_of_record
TN:
SF:/home/naranja-d/www/test-darwoft/src/app/shared/services/notification.service.ts
FN:10,(anonymous_0)
FN:15,(anonymous_1)
FN:17,NotificationService
FN:19,(anonymous_3)
FN:23,(anonymous_4)
FN:27,(anonymous_5)
FN:31,(anonymous_6)
FNF:7
FNH:3
FNDA:1,(anonymous_0)
FNDA:1,(anonymous_1)
FNDA:6,NotificationService
FNDA:0,(anonymous_3)
FNDA:0,(anonymous_4)
FNDA:0,(anonymous_5)
FNDA:0,(anonymous_6)
DA:4,1
DA:10,1
DA:15,1
DA:17,6
DA:19,1
DA:20,0
DA:23,1
DA:24,0
DA:27,1
DA:28,0
DA:31,1
DA:32,0
DA:34,1
LF:13
LH:9
BRDA:10,0,0,1
BRDA:10,0,1,1
BRF:2
BRH:2
end_of_record
TN:
SF:/home/naranja-d/www/test-darwoft/src/app/views/contact/contact.component.ts
FN:11,(anonymous_0)
FN:16,ContactComponent
FN:21,(anonymous_2)
FN:29,(anonymous_3)
FN:43,(anonymous_4)
FNF:5
FNH:4
FNDA:1,(anonymous_0)
FNDA:6,ContactComponent
FNDA:0,(anonymous_2)
FNDA:5,(anonymous_3)
FNDA:2,(anonymous_4)
DA:11,1
DA:14,6
DA:17,6
DA:18,6
DA:21,1
DA:22,0
DA:29,1
DA:30,5
DA:43,1
DA:44,2
DA:45,1
DA:47,1
DA:50,1
LF:13
LH:12
BRDA:44,0,0,1
BRDA:44,0,1,1
BRF:2
BRH:2
end_of_record
TN:
SF:/home/naranja-d/www/test-darwoft/src/app/views/home/home.component.ts
FN:10,(anonymous_0)
FN:16,HomeComponent
FN:22,(anonymous_2)
FN:23,(anonymous_3)
FN:27,(anonymous_4)
FN:34,(anonymous_5)
FN:36,(anonymous_6)
FN:43,(anonymous_7)
FNF:8
FNH:2
FNDA:1,(anonymous_0)
FNDA:1,HomeComponent
FNDA:0,(anonymous_2)
FNDA:0,(anonymous_3)
FNDA:0,(anonymous_4)
FNDA:0,(anonymous_5)
FNDA:0,(anonymous_6)
FNDA:0,(anonymous_7)
DA:10,1
DA:13,1
DA:17,1
DA:18,1
DA:19,1
DA:22,1
DA:23,0
DA:24,0
DA:25,0
DA:27,0
DA:28,0
DA:29,0
DA:31,0
DA:34,1
DA:35,0
DA:36,0
DA:37,0
DA:38,0
DA:39,0
DA:43,1
DA:44,0
DA:45,0
DA:47,1
LF:23
LH:9
BRF:0
BRH:0
end_of_record
TN:
SF:/home/naranja-d/www/test-darwoft/src/app/views/not-found/not-found.component.ts
FN:8,(anonymous_0)
FNF:1
FNH:1
FNDA:2,(anonymous_0)
DA:8,1
DA:10,1
LF:2
LH:2
BRF:0
BRH:0
end_of_record
TN:
SF:/home/naranja-d/www/test-darwoft/src/app/views/product/list-product/list-product.component.ts
FN:10,(anonymous_0)
FN:15,ListProductComponent
FN:21,(anonymous_2)
FN:22,(anonymous_3)
FN:30,(anonymous_4)
FN:33,(anonymous_5)
FN:45,(anonymous_6)
FN:47,(anonymous_7)
FN:57,(anonymous_8)
FN:66,(anonymous_9)
FNF:10
FNH:2
FNDA:1,(anonymous_0)
FNDA:4,ListProductComponent
FNDA:0,(anonymous_2)
FNDA:0,(anonymous_3)
FNDA:0,(anonymous_4)
FNDA:0,(anonymous_5)
FNDA:0,(anonymous_6)
FNDA:0,(anonymous_7)
FNDA:0,(anonymous_8)
FNDA:0,(anonymous_9)
DA:10,1
DA:12,4
DA:16,4
DA:17,4
DA:18,4
DA:21,1
DA:22,0
DA:23,0
DA:26,0
DA:27,0
DA:28,0
DA:30,0
DA:31,0
DA:32,0
DA:33,0
DA:34,0
DA:45,1
DA:46,0
DA:47,0
DA:48,0
DA:57,1
DA:58,0
DA:66,1
DA:67,0
DA:69,1
LF:25
LH:10
BRDA:26,0,0,0
BRDA:26,0,1,0
BRF:2
BRH:0
end_of_record
TN:
SF:/home/naranja-d/www/test-darwoft/src/app/views/product/product/product.component.ts
FN:12,(anonymous_0)
FN:18,ProductComponent
FN:29,(anonymous_2)
FN:31,(anonymous_3)
FN:33,(anonymous_4)
FN:43,(anonymous_5)
FN:47,(anonymous_6)
FNF:7
FNH:3
FNDA:1,(anonymous_0)
FNDA:3,ProductComponent
FNDA:0,(anonymous_2)
FNDA:0,(anonymous_3)
FNDA:0,(anonymous_4)
FNDA:0,(anonymous_5)
FNDA:1,(anonymous_6)
DA:12,1
DA:16,3
DA:19,3
DA:20,3
DA:21,3
DA:22,3
DA:29,1
DA:30,0
DA:31,0
DA:32,0
DA:33,0
DA:34,0
DA:43,1
DA:44,0
DA:47,1
DA:48,1
DA:50,1
LF:17
LH:11
BRF:0
BRH:0
end_of_record
